<?xml version="1.0" encoding="UTF-8"?>
<!-- Generated by org.testng.reporters.JUnitXMLReporter -->
<testsuite ignored="9" hostname="DORAHENIT" failures="0" tests="1" name="Test" time="32.841" errors="0" timestamp="2023-12-06T19:53:00 IST">
  <testcase classname="Test_Cases.qalegend_Testcases" name="tc08" time="18.336"/>
  <testcase classname="Test_Cases.qalegend_Testcases" name="tc10" time="0.0">
    <ignored/>
  </testcase> <!-- tc10 -->
  <testcase classname="Test_Cases.qalegend_Testcases" name="tc04" time="0.0">
    <ignored/>
  </testcase> <!-- tc04 -->
  <testcase classname="Test_Cases.qalegend_Testcases" name="tc03" time="0.0">
    <ignored/>
  </testcase> <!-- tc03 -->
  <testcase classname="Test_Cases.qalegend_Testcases" name="tc02" time="0.0">
    <ignored/>
  </testcase> <!-- tc02 -->
  <testcase classname="Test_Cases.qalegend_Testcases" name="tc01" time="0.0">
    <ignored/>
  </testcase> <!-- tc01 -->
  <testcase classname="Test_Cases.qalegend_Testcases" name="tc07" time="0.0">
    <ignored/>
  </testcase> <!-- tc07 -->
  <testcase classname="Test_Cases.qalegend_Testcases" name="tc06" time="0.0">
    <ignored/>
  </testcase> <!-- tc06 -->
  <testcase classname="Test_Cases.qalegend_Testcases" name="tc05" time="0.0">
    <ignored/>
  </testcase> <!-- tc05 -->
  <testcase classname="Test_Cases.qalegend_Testcases" name="tc09" time="0.0">
    <ignored/>
  </testcase> <!-- tc09 -->
</testsuite> <!-- Test -->
