<?xml version="1.0" encoding="UTF-8"?>
<testng-results ignored="0" total="1" passed="1" failed="0" skipped="0">
  <reporter-output>
  </reporter-output>
  <suite started-at="2023-12-06T19:52:27 IST" name="Suite" finished-at="2023-12-06T19:52:59 IST" duration-ms="32841">
    <groups>
    </groups>
    <test started-at="2023-12-06T19:52:27 IST" name="Test" finished-at="2023-12-06T19:52:59 IST" duration-ms="32841">
      <class name="Test_Cases.qalegend_Testcases">
        <test-method is-config="true" signature="initialization(java.lang.String)[pri:0, instance:Test_Cases.qalegend_Testcases@5e403b4a]" started-at="2023-12-06T19:52:27 IST" name="initialization" finished-at="2023-12-06T19:52:41 IST" duration-ms="14448" status="PASS">
          <params>
            <param index="0">
              <value>
                <![CDATA[chrome]]>
              </value>
            </param>
          </params>
          <reporter-output>
          </reporter-output>
        </test-method> <!-- initialization -->
        <test-method signature="tc08()[pri:0, instance:Test_Cases.qalegend_Testcases@5e403b4a]" started-at="2023-12-06T19:52:41 IST" name="tc08" finished-at="2023-12-06T19:52:59 IST" duration-ms="18336" status="PASS">
          <reporter-output>
          </reporter-output>
        </test-method> <!-- tc08 -->
      </class> <!-- Test_Cases.qalegend_Testcases -->
    </test> <!-- Test -->
  </suite> <!-- Suite -->
</testng-results>
